TN:
SF:src/erros/AppError.ts
FN:5,AppError
FNF:1
FNH:1
FNDA:1,AppError
DA:1,1
DA:2,1
DA:3,1
DA:4,1
DA:5,1
DA:6,1
DA:7,1
DA:8,1
DA:9,1
LF:9
LH:9
BRDA:5,0,0,1
BRF:1
BRH:1
end_of_record
TN:
SF:src/modules/services/implemetetion/AuthService.ts
FN:15,AuthService
FN:22,login
FNF:2
FNH:2
FNDA:2,AuthService
FNDA:2,login
DA:1,1
DA:2,1
DA:3,1
DA:4,1
DA:5,1
DA:6,1
DA:7,1
DA:8,1
DA:9,1
DA:10,1
DA:11,1
DA:12,1
DA:13,1
DA:14,1
DA:15,1
DA:16,2
DA:17,2
DA:18,2
DA:19,0
DA:20,0
DA:21,2
DA:22,1
DA:23,2
DA:24,2
DA:25,2
DA:26,1
DA:27,1
DA:28,1
DA:29,1
DA:30,0
DA:31,0
DA:32,0
DA:33,0
DA:34,2
DA:35,2
DA:36,2
DA:37,1
LF:37
LH:31
BRDA:15,0,0,2
BRDA:18,1,0,0
BRDA:22,2,0,2
BRDA:25,3,0,1
BRDA:30,4,0,0
BRF:5
BRH:3
end_of_record
TN:
SF:src/modules/services/implemetetion/FindUserService.ts
FN:9,FindUserService
FN:13,findByEmail
FNF:2
FNH:0
FNDA:0,FindUserService
FNDA:0,findByEmail
DA:1,1
DA:2,1
DA:3,1
DA:4,1
DA:5,1
DA:6,1
DA:7,1
DA:8,1
DA:9,1
DA:10,0
DA:11,0
DA:12,1
DA:13,1
DA:14,0
DA:15,0
DA:16,0
DA:17,0
DA:18,0
DA:19,0
DA:20,0
DA:21,0
DA:22,1
LF:22
LH:12
BRF:0
BRH:0
end_of_record
