TN:
SF:src/database/index.ts
FNF:0
FNH:0
DA:1,1
DA:2,1
DA:3,1
DA:4,1
DA:5,1
DA:6,1
DA:7,1
DA:8,1
DA:9,1
DA:10,1
DA:11,1
DA:12,1
DA:13,1
DA:14,1
DA:15,1
DA:16,1
DA:17,1
DA:18,1
DA:19,1
DA:20,1
LF:20
LH:20
BRF:0
BRH:0
end_of_record
TN:
SF:src/erros/AppError.ts
FN:5,AppError
FNF:1
FNH:1
FNDA:3,AppError
DA:1,1
DA:2,1
DA:3,1
DA:4,1
DA:5,1
DA:6,3
DA:7,3
DA:8,3
DA:9,1
LF:9
LH:9
BRDA:5,0,0,3
BRF:1
BRH:1
end_of_record
TN:
SF:src/modules/controllers/CreateUserService.ts
FN:14,CreateUserController
FN:19,handle
FNF:2
FNH:0
FNDA:0,CreateUserController
FNDA:0,handle
DA:1,1
DA:2,1
DA:3,1
DA:4,1
DA:5,1
DA:6,1
DA:7,1
DA:8,1
DA:9,1
DA:10,1
DA:11,1
DA:12,1
DA:13,1
DA:14,1
DA:15,0
DA:16,0
DA:17,0
DA:18,1
DA:19,1
DA:20,0
DA:21,0
DA:22,0
DA:23,0
DA:24,0
DA:25,0
DA:26,0
DA:27,0
DA:28,0
DA:29,1
LF:29
LH:17
BRF:0
BRH:0
end_of_record
TN:
SF:src/modules/models/Post.ts
FN:27,Post
FNF:1
FNH:0
FNDA:0,Post
DA:1,1
DA:2,1
DA:3,1
DA:4,1
DA:5,1
DA:6,1
DA:7,1
DA:8,1
DA:9,1
DA:10,1
DA:11,1
DA:12,1
DA:13,1
DA:14,1
DA:15,1
DA:16,1
DA:17,1
DA:18,1
DA:19,1
DA:20,1
DA:21,1
DA:22,1
DA:23,1
DA:24,1
DA:25,1
DA:26,1
DA:27,1
DA:28,0
DA:29,0
DA:30,0
DA:31,0
DA:32,0
DA:33,0
DA:34,0
DA:35,0
DA:36,1
DA:37,1
DA:38,1
DA:39,1
DA:40,1
DA:41,1
DA:42,1
DA:43,1
LF:43
LH:35
BRF:0
BRH:0
end_of_record
TN:
SF:src/modules/models/User.ts
FN:14,User
FNF:1
FNH:0
FNDA:0,User
DA:1,1
DA:2,1
DA:3,1
DA:4,1
DA:5,1
DA:6,1
DA:7,1
DA:8,1
DA:9,1
DA:10,1
DA:11,1
DA:12,1
DA:13,1
DA:14,1
DA:15,0
DA:16,0
DA:17,0
DA:18,0
DA:19,1
DA:20,1
DA:21,1
LF:21
LH:17
BRF:0
BRH:0
end_of_record
TN:
SF:src/modules/repository/implemetetion/UserRepository.ts
FN:15,UserRepository
FN:23,create
FN:32,findByEmail
FNF:3
FNH:0
FNDA:0,UserRepository
FNDA:0,create
FNDA:0,findByEmail
DA:1,1
DA:2,1
DA:3,1
DA:4,1
DA:5,1
DA:6,1
DA:7,1
DA:8,1
DA:9,1
DA:10,1
DA:11,1
DA:12,1
DA:13,1
DA:14,1
DA:15,1
DA:16,0
DA:17,0
DA:18,0
DA:19,0
DA:20,0
DA:21,0
DA:22,1
DA:23,1
DA:24,0
DA:25,0
DA:26,0
DA:27,0
DA:28,0
DA:29,0
DA:30,0
DA:31,1
DA:32,1
DA:33,0
DA:34,0
DA:35,0
DA:36,0
DA:37,0
DA:38,1
DA:39,1
LF:39
LH:21
BRF:0
BRH:0
end_of_record
TN:
SF:src/modules/services/implemetetion/AuthService.ts
FN:25,AuthService
FN:31,login
FNF:2
FNH:2
FNDA:3,AuthService
FNDA:3,login
DA:1,1
DA:2,1
DA:3,1
DA:4,1
DA:5,1
DA:6,1
DA:7,1
DA:8,1
DA:9,1
DA:10,1
DA:11,1
DA:12,1
DA:13,1
DA:14,1
DA:15,1
DA:16,1
DA:17,1
DA:18,1
DA:19,1
DA:20,1
DA:21,1
DA:22,1
DA:23,1
DA:24,1
DA:25,1
DA:26,3
DA:27,3
DA:28,3
DA:29,1
DA:30,1
DA:31,1
DA:32,3
DA:33,3
DA:34,3
DA:35,1
DA:36,1
DA:37,2
DA:38,2
DA:39,2
DA:40,3
DA:41,1
DA:42,1
DA:43,1
DA:44,1
DA:45,1
DA:46,3
DA:47,0
DA:48,0
DA:49,1
DA:50,1
DA:51,1
DA:52,1
DA:53,1
DA:54,1
DA:55,1
DA:56,1
DA:57,1
DA:58,1
DA:59,1
DA:60,1
DA:61,1
DA:62,1
LF:62
LH:60
BRDA:25,0,0,3
BRDA:31,1,0,3
BRDA:34,2,0,1
BRDA:37,3,0,2
BRDA:40,4,0,1
BRDA:46,5,0,0
BRDA:49,6,0,1
BRF:7
BRH:6
end_of_record
TN:
SF:src/modules/services/implemetetion/CreateUserService.ts
FN:15,CreateUserService
FN:17,execute
FNF:2
FNH:2
FNDA:2,CreateUserService
FNDA:1,execute
DA:1,1
DA:2,1
DA:3,1
DA:4,1
DA:5,1
DA:6,1
DA:7,1
DA:8,1
DA:9,1
DA:10,1
DA:11,1
DA:12,1
DA:13,1
DA:14,1
DA:15,1
DA:16,1
DA:17,1
DA:18,1
DA:19,1
DA:20,0
DA:21,0
DA:22,1
DA:23,1
DA:24,1
LF:24
LH:22
BRDA:15,0,0,2
BRDA:17,1,0,1
BRDA:19,2,0,0
BRF:3
BRH:2
end_of_record
TN:
SF:src/modules/services/implemetetion/FindUserService.ts
FN:15,FindUserService
FN:20,findByEmail
FNF:2
FNH:2
FNDA:2,FindUserService
FNDA:2,findByEmail
DA:1,1
DA:2,1
DA:3,1
DA:4,1
DA:5,1
DA:6,1
DA:7,1
DA:8,1
DA:9,1
DA:10,1
DA:11,1
DA:12,1
DA:13,1
DA:14,1
DA:15,1
DA:16,2
DA:17,2
DA:18,2
DA:19,1
DA:20,1
DA:21,2
DA:22,2
DA:23,0
DA:24,0
DA:25,2
DA:26,2
DA:27,2
DA:28,1
DA:29,1
DA:30,1
DA:31,1
DA:32,1
DA:33,1
LF:33
LH:31
BRDA:15,0,0,2
BRDA:20,1,0,2
BRDA:22,2,0,0
BRDA:27,3,0,1
BRF:4
BRH:3
end_of_record
TN:
SF:src/modules/services/implemetetion/GenerateRefreshToken.ts
FN:11,execute
FNF:1
FNH:0
FNDA:0,execute
DA:1,1
DA:2,1
DA:3,1
DA:4,1
DA:5,1
DA:6,1
DA:7,1
DA:8,1
DA:9,1
DA:10,1
DA:11,1
DA:12,0
DA:13,0
DA:14,0
DA:15,0
DA:16,0
DA:17,0
DA:18,0
DA:19,0
DA:20,1
DA:21,1
LF:21
LH:13
BRF:0
BRH:0
end_of_record
TN:
SF:src/modules/services/implemetetion/GenerateSignInToken.ts
FN:9,execute
FNF:1
FNH:1
FNDA:1,execute
DA:1,1
DA:2,1
DA:3,1
DA:4,1
DA:5,1
DA:6,1
DA:7,1
DA:8,1
DA:9,1
DA:10,1
DA:11,1
DA:12,1
DA:13,0
DA:14,0
DA:15,1
DA:16,1
DA:17,1
DA:18,1
DA:19,1
DA:20,1
DA:21,1
DA:22,1
LF:22
LH:20
BRDA:9,0,0,1
BRDA:12,1,0,0
BRF:2
BRH:1
end_of_record
TN:
SF:src/modules/services/implemetetion/RefreshTokenService.ts
FN:10,execute
FNF:1
FNH:1
FNDA:2,execute
DA:1,1
DA:2,1
DA:3,1
DA:4,1
DA:5,1
DA:6,1
DA:7,1
DA:8,1
DA:9,1
DA:10,1
DA:11,2
DA:12,2
DA:13,0
DA:14,0
DA:15,2
DA:16,2
DA:17,2
DA:18,2
DA:19,2
DA:20,2
DA:21,2
DA:22,0
DA:23,0
DA:24,1
DA:25,1
DA:26,1
DA:27,2
DA:28,2
DA:29,2
DA:30,2
DA:31,2
DA:32,1
DA:33,1
DA:34,2
DA:35,1
DA:36,1
DA:37,1
DA:38,1
DA:39,1
LF:39
LH:35
BRDA:10,0,0,2
BRDA:12,1,0,0
BRDA:21,2,0,0
BRDA:24,3,0,1
BRDA:27,4,0,0
BRDA:27,5,0,1
BRDA:31,6,0,1
BRDA:34,7,0,0
BRDA:35,8,0,1
BRF:9
BRH:5
end_of_record
TN:
SF:src/modules/services/implemetetion/SignInService.ts
FN:10,SignInService
FN:11,execute
FNF:2
FNH:2
FNDA:1,SignInService
FNDA:1,execute
DA:1,1
DA:2,1
DA:3,1
DA:4,1
DA:5,1
DA:6,1
DA:7,1
DA:8,1
DA:9,1
DA:10,1
DA:11,1
DA:12,1
DA:13,1
DA:14,1
DA:15,0
DA:16,0
DA:17,1
DA:18,1
DA:19,1
DA:20,1
DA:21,1
DA:22,1
LF:22
LH:20
BRDA:10,0,0,1
BRDA:11,1,0,1
BRDA:14,2,0,0
BRF:3
BRH:2
end_of_record
